<?xml version="1.0" encoding="UTF-8"?>
<!-- Generated by org.testng.reporters.JUnitReportReporter -->
<testsuite hostname="DESKTOP-9NF62C9" failures="0" tests="2" name="qaclickacademy.Mavenjava.SeleniumTest" time="0.024" errors="0" timestamp="2022-07-21T11:46:34 IST" skipped="0">
  <testcase classname="qaclickacademy.Mavenjava.SeleniumTest" name="webchecking" time="0.020"/>
  <system-out/>
  <testcase classname="qaclickacademy.Mavenjava.SeleniumTest" name="webchecking2" time="0.004"/>
  <system-out/>
</testsuite> <!-- qaclickacademy.Mavenjava.SeleniumTest -->
