<?xml version="1.0" encoding="UTF-8"?>
<!-- Generated by org.testng.reporters.JUnitReportReporter -->
<testsuite hostname="DESKTOP-9NF62C9" failures="0" tests="2" name="qaclickacademy.Mavenjava.RestApiTest" time="0.005" errors="0" timestamp="2022-07-21T11:46:34 IST" skipped="0">
  <testcase classname="qaclickacademy.Mavenjava.RestApiTest" name="cloud" time="0.003"/>
  <system-out/>
  <testcase classname="qaclickacademy.Mavenjava.RestApiTest" name="server" time="0.002"/>
  <system-out/>
</testsuite> <!-- qaclickacademy.Mavenjava.RestApiTest -->
