<?xml version="1.0" encoding="UTF-8"?>
<!-- Generated by org.testng.reporters.JUnitReportReporter -->
<testsuite hostname="DESKTOP-9NF62C9" failures="0" tests="2" name="qaclickacademy.Mavenjava.SeleniumTest" time="0.008" errors="0" timestamp="2022-07-17T13:03:36 IST" skipped="0">
  <testcase classname="qaclickacademy.Mavenjava.SeleniumTest" name="webchecking" time="0.007"/>
  <system-out/>
  <testcase classname="qaclickacademy.Mavenjava.SeleniumTest" name="webchecking2" time="0.001"/>
  <system-out/>
</testsuite> <!-- qaclickacademy.Mavenjava.SeleniumTest -->
